09:32:37 **** Build of configuration Debug for project 13_msm_nuc_UART_DMA_RX_TX_Pars ****
make -j4 all 
arm-none-eabi-gcc "../Drivers/STM32F4xx_HAL_Driver/Src/stm32f4xx_hal.c" -mcpu=cortex-m4 -std=gnu11 -g3 -DUSE_HAL_DRIVER -DSTM32F411xE -DDEBUG -c -I../Core/Inc -I../Drivers/STM32F4xx_HAL_Driver/Inc -I../Drivers/STM32F4xx_HAL_Driver/Inc/Legacy -I../Drivers/CMSIS/Device/ST/STM32F4xx/Include -I../Drivers/CMSIS/Include -O0 -ffunction-sections -fdata-sections -Wall -fstack-usage -MMD -MP -MF"Drivers/STM32F4xx_HAL_Driver/Src/stm32f4xx_hal.d" -MT"Drivers/STM32F4xx_HAL_Driver/Src/stm32f4xx_hal.o" --specs=nano.specs -mfpu=fpv4-sp-d16 -mfloat-abi=hard -mthumb -o "Drivers/STM32F4xx_HAL_Driver/Src/stm32f4xx_hal.o"
arm-none-eabi-gcc "../Drivers/STM32F4xx_HAL_Driver/Src/stm32f4xx_hal_cortex.c" -mcpu=cortex-m4 -std=gnu11 -g3 -DUSE_HAL_DRIVER -DSTM32F411xE -DDEBUG -c -I../Core/Inc -I../Drivers/STM32F4xx_HAL_Driver/Inc -I../Drivers/STM32F4xx_HAL_Driver/Inc/Legacy -I../Drivers/CMSIS/Device/ST/STM32F4xx/Include -I../Drivers/CMSIS/Include -O0 -ffunction-sections -fdata-sections -Wall -fstack-usage -MMD -MP -MF"Drivers/STM32F4xx_HAL_Driver/Src/stm32f4xx_hal_cortex.d" -MT"Drivers/STM32F4xx_HAL_Driver/Src/stm32f4xx_hal_cortex.o" --specs=nano.specs -mfpu=fpv4-sp-d16 -mfloat-abi=hard -mthumb -o "Drivers/STM32F4xx_HAL_Driver/Src/stm32f4xx_hal_cortex.o"
arm-none-eabi-gcc "../Drivers/STM32F4xx_HAL_Driver/Src/stm32f4xx_hal_dma.c" -mcpu=cortex-m4 -std=gnu11 -g3 -DUSE_HAL_DRIVER -DSTM32F411xE -DDEBUG -c -I../Core/Inc -I../Drivers/STM32F4xx_HAL_Driver/Inc -I../Drivers/STM32F4xx_HAL_Driver/Inc/Legacy -I../Drivers/CMSIS/Device/ST/STM32F4xx/Include -I../Drivers/CMSIS/Include -O0 -ffunction-sections -fdata-sections -Wall -fstack-usage -MMD -MP -MF"Drivers/STM32F4xx_HAL_Driver/Src/stm32f4xx_hal_dma.d" -MT"Drivers/STM32F4xx_HAL_Driver/Src/stm32f4xx_hal_dma.o" --specs=nano.specs -mfpu=fpv4-sp-d16 -mfloat-abi=hard -mthumb -o "Drivers/STM32F4xx_HAL_Driver/Src/stm32f4xx_hal_dma.o"
arm-none-eabi-gcc "../Drivers/STM32F4xx_HAL_Driver/Src/stm32f4xx_hal_dma_ex.c" -mcpu=cortex-m4 -std=gnu11 -g3 -DUSE_HAL_DRIVER -DSTM32F411xE -DDEBUG -c -I../Core/Inc -I../Drivers/STM32F4xx_HAL_Driver/Inc -I../Drivers/STM32F4xx_HAL_Driver/Inc/Legacy -I../Drivers/CMSIS/Device/ST/STM32F4xx/Include -I../Drivers/CMSIS/Include -O0 -ffunction-sections -fdata-sections -Wall -fstack-usage -MMD -MP -MF"Drivers/STM32F4xx_HAL_Driver/Src/stm32f4xx_hal_dma_ex.d" -MT"Drivers/STM32F4xx_HAL_Driver/Src/stm32f4xx_hal_dma_ex.o" --specs=nano.specs -mfpu=fpv4-sp-d16 -mfloat-abi=hard -mthumb -o "Drivers/STM32F4xx_HAL_Driver/Src/stm32f4xx_hal_dma_ex.o"
arm-none-eabi-gcc "../Drivers/STM32F4xx_HAL_Driver/Src/stm32f4xx_hal_exti.c" -mcpu=cortex-m4 -std=gnu11 -g3 -DUSE_HAL_DRIVER -DSTM32F411xE -DDEBUG -c -I../Core/Inc -I../Drivers/STM32F4xx_HAL_Driver/Inc -I../Drivers/STM32F4xx_HAL_Driver/Inc/Legacy -I../Drivers/CMSIS/Device/ST/STM32F4xx/Include -I../Drivers/CMSIS/Include -O0 -ffunction-sections -fdata-sections -Wall -fstack-usage -MMD -MP -MF"Drivers/STM32F4xx_HAL_Driver/Src/stm32f4xx_hal_exti.d" -MT"Drivers/STM32F4xx_HAL_Driver/Src/stm32f4xx_hal_exti.o" --specs=nano.specs -mfpu=fpv4-sp-d16 -mfloat-abi=hard -mthumb -o "Drivers/STM32F4xx_HAL_Driver/Src/stm32f4xx_hal_exti.o"
arm-none-eabi-gcc "../Drivers/STM32F4xx_HAL_Driver/Src/stm32f4xx_hal_flash.c" -mcpu=cortex-m4 -std=gnu11 -g3 -DUSE_HAL_DRIVER -DSTM32F411xE -DDEBUG -c -I../Core/Inc -I../Drivers/STM32F4xx_HAL_Driver/Inc -I../Drivers/STM32F4xx_HAL_Driver/Inc/Legacy -I../Drivers/CMSIS/Device/ST/STM32F4xx/Include -I../Drivers/CMSIS/Include -O0 -ffunction-sections -fdata-sections -Wall -fstack-usage -MMD -MP -MF"Drivers/STM32F4xx_HAL_Driver/Src/stm32f4xx_hal_flash.d" -MT"Drivers/STM32F4xx_HAL_Driver/Src/stm32f4xx_hal_flash.o" --specs=nano.specs -mfpu=fpv4-sp-d16 -mfloat-abi=hard -mthumb -o "Drivers/STM32F4xx_HAL_Driver/Src/stm32f4xx_hal_flash.o"
arm-none-eabi-gcc "../Drivers/STM32F4xx_HAL_Driver/Src/stm32f4xx_hal_flash_ex.c" -mcpu=cortex-m4 -std=gnu11 -g3 -DUSE_HAL_DRIVER -DSTM32F411xE -DDEBUG -c -I../Core/Inc -I../Drivers/STM32F4xx_HAL_Driver/Inc -I../Drivers/STM32F4xx_HAL_Driver/Inc/Legacy -I../Drivers/CMSIS/Device/ST/STM32F4xx/Include -I../Drivers/CMSIS/Include -O0 -ffunction-sections -fdata-sections -Wall -fstack-usage -MMD -MP -MF"Drivers/STM32F4xx_HAL_Driver/Src/stm32f4xx_hal_flash_ex.d" -MT"Drivers/STM32F4xx_HAL_Driver/Src/stm32f4xx_hal_flash_ex.o" --specs=nano.specs -mfpu=fpv4-sp-d16 -mfloat-abi=hard -mthumb -o "Drivers/STM32F4xx_HAL_Driver/Src/stm32f4xx_hal_flash_ex.o"
arm-none-eabi-gcc "../Drivers/STM32F4xx_HAL_Driver/Src/stm32f4xx_hal_flash_ramfunc.c" -mcpu=cortex-m4 -std=gnu11 -g3 -DUSE_HAL_DRIVER -DSTM32F411xE -DDEBUG -c -I../Core/Inc -I../Drivers/STM32F4xx_HAL_Driver/Inc -I../Drivers/STM32F4xx_HAL_Driver/Inc/Legacy -I../Drivers/CMSIS/Device/ST/STM32F4xx/Include -I../Drivers/CMSIS/Include -O0 -ffunction-sections -fdata-sections -Wall -fstack-usage -MMD -MP -MF"Drivers/STM32F4xx_HAL_Driver/Src/stm32f4xx_hal_flash_ramfunc.d" -MT"Drivers/STM32F4xx_HAL_Driver/Src/stm32f4xx_hal_flash_ramfunc.o" --specs=nano.specs -mfpu=fpv4-sp-d16 -mfloat-abi=hard -mthumb -o "Drivers/STM32F4xx_HAL_Driver/Src/stm32f4xx_hal_flash_ramfunc.o"
arm-none-eabi-gcc "../Drivers/STM32F4xx_HAL_Driver/Src/stm32f4xx_hal_gpio.c" -mcpu=cortex-m4 -std=gnu11 -g3 -DUSE_HAL_DRIVER -DSTM32F411xE -DDEBUG -c -I../Core/Inc -I../Drivers/STM32F4xx_HAL_Driver/Inc -I../Drivers/STM32F4xx_HAL_Driver/Inc/Legacy -I../Drivers/CMSIS/Device/ST/STM32F4xx/Include -I../Drivers/CMSIS/Include -O0 -ffunction-sections -fdata-sections -Wall -fstack-usage -MMD -MP -MF"Drivers/STM32F4xx_HAL_Driver/Src/stm32f4xx_hal_gpio.d" -MT"Drivers/STM32F4xx_HAL_Driver/Src/stm32f4xx_hal_gpio.o" --specs=nano.specs -mfpu=fpv4-sp-d16 -mfloat-abi=hard -mthumb -o "Drivers/STM32F4xx_HAL_Driver/Src/stm32f4xx_hal_gpio.o"
arm-none-eabi-gcc "../Drivers/STM32F4xx_HAL_Driver/Src/stm32f4xx_hal_pwr.c" -mcpu=cortex-m4 -std=gnu11 -g3 -DUSE_HAL_DRIVER -DSTM32F411xE -DDEBUG -c -I../Core/Inc -I../Drivers/STM32F4xx_HAL_Driver/Inc -I../Drivers/STM32F4xx_HAL_Driver/Inc/Legacy -I../Drivers/CMSIS/Device/ST/STM32F4xx/Include -I../Drivers/CMSIS/Include -O0 -ffunction-sections -fdata-sections -Wall -fstack-usage -MMD -MP -MF"Drivers/STM32F4xx_HAL_Driver/Src/stm32f4xx_hal_pwr.d" -MT"Drivers/STM32F4xx_HAL_Driver/Src/stm32f4xx_hal_pwr.o" --specs=nano.specs -mfpu=fpv4-sp-d16 -mfloat-abi=hard -mthumb -o "Drivers/STM32F4xx_HAL_Driver/Src/stm32f4xx_hal_pwr.o"
arm-none-eabi-gcc "../Drivers/STM32F4xx_HAL_Driver/Src/stm32f4xx_hal_pwr_ex.c" -mcpu=cortex-m4 -std=gnu11 -g3 -DUSE_HAL_DRIVER -DSTM32F411xE -DDEBUG -c -I../Core/Inc -I../Drivers/STM32F4xx_HAL_Driver/Inc -I../Drivers/STM32F4xx_HAL_Driver/Inc/Legacy -I../Drivers/CMSIS/Device/ST/STM32F4xx/Include -I../Drivers/CMSIS/Include -O0 -ffunction-sections -fdata-sections -Wall -fstack-usage -MMD -MP -MF"Drivers/STM32F4xx_HAL_Driver/Src/stm32f4xx_hal_pwr_ex.d" -MT"Drivers/STM32F4xx_HAL_Driver/Src/stm32f4xx_hal_pwr_ex.o" --specs=nano.specs -mfpu=fpv4-sp-d16 -mfloat-abi=hard -mthumb -o "Drivers/STM32F4xx_HAL_Driver/Src/stm32f4xx_hal_pwr_ex.o"
arm-none-eabi-gcc "../Drivers/STM32F4xx_HAL_Driver/Src/stm32f4xx_hal_rcc.c" -mcpu=cortex-m4 -std=gnu11 -g3 -DUSE_HAL_DRIVER -DSTM32F411xE -DDEBUG -c -I../Core/Inc -I../Drivers/STM32F4xx_HAL_Driver/Inc -I../Drivers/STM32F4xx_HAL_Driver/Inc/Legacy -I../Drivers/CMSIS/Device/ST/STM32F4xx/Include -I../Drivers/CMSIS/Include -O0 -ffunction-sections -fdata-sections -Wall -fstack-usage -MMD -MP -MF"Drivers/STM32F4xx_HAL_Driver/Src/stm32f4xx_hal_rcc.d" -MT"Drivers/STM32F4xx_HAL_Driver/Src/stm32f4xx_hal_rcc.o" --specs=nano.specs -mfpu=fpv4-sp-d16 -mfloat-abi=hard -mthumb -o "Drivers/STM32F4xx_HAL_Driver/Src/stm32f4xx_hal_rcc.o"
arm-none-eabi-gcc "../Drivers/STM32F4xx_HAL_Driver/Src/stm32f4xx_hal_rcc_ex.c" -mcpu=cortex-m4 -std=gnu11 -g3 -DUSE_HAL_DRIVER -DSTM32F411xE -DDEBUG -c -I../Core/Inc -I../Drivers/STM32F4xx_HAL_Driver/Inc -I../Drivers/STM32F4xx_HAL_Driver/Inc/Legacy -I../Drivers/CMSIS/Device/ST/STM32F4xx/Include -I../Drivers/CMSIS/Include -O0 -ffunction-sections -fdata-sections -Wall -fstack-usage -MMD -MP -MF"Drivers/STM32F4xx_HAL_Driver/Src/stm32f4xx_hal_rcc_ex.d" -MT"Drivers/STM32F4xx_HAL_Driver/Src/stm32f4xx_hal_rcc_ex.o" --specs=nano.specs -mfpu=fpv4-sp-d16 -mfloat-abi=hard -mthumb -o "Drivers/STM32F4xx_HAL_Driver/Src/stm32f4xx_hal_rcc_ex.o"
arm-none-eabi-gcc "../Drivers/STM32F4xx_HAL_Driver/Src/stm32f4xx_hal_tim.c" -mcpu=cortex-m4 -std=gnu11 -g3 -DUSE_HAL_DRIVER -DSTM32F411xE -DDEBUG -c -I../Core/Inc -I../Drivers/STM32F4xx_HAL_Driver/Inc -I../Drivers/STM32F4xx_HAL_Driver/Inc/Legacy -I../Drivers/CMSIS/Device/ST/STM32F4xx/Include -I../Drivers/CMSIS/Include -O0 -ffunction-sections -fdata-sections -Wall -fstack-usage -MMD -MP -MF"Drivers/STM32F4xx_HAL_Driver/Src/stm32f4xx_hal_tim.d" -MT"Drivers/STM32F4xx_HAL_Driver/Src/stm32f4xx_hal_tim.o" --specs=nano.specs -mfpu=fpv4-sp-d16 -mfloat-abi=hard -mthumb -o "Drivers/STM32F4xx_HAL_Driver/Src/stm32f4xx_hal_tim.o"
arm-none-eabi-gcc "../Drivers/STM32F4xx_HAL_Driver/Src/stm32f4xx_hal_tim_ex.c" -mcpu=cortex-m4 -std=gnu11 -g3 -DUSE_HAL_DRIVER -DSTM32F411xE -DDEBUG -c -I../Core/Inc -I../Drivers/STM32F4xx_HAL_Driver/Inc -I../Drivers/STM32F4xx_HAL_Driver/Inc/Legacy -I../Drivers/CMSIS/Device/ST/STM32F4xx/Include -I../Drivers/CMSIS/Include -O0 -ffunction-sections -fdata-sections -Wall -fstack-usage -MMD -MP -MF"Drivers/STM32F4xx_HAL_Driver/Src/stm32f4xx_hal_tim_ex.d" -MT"Drivers/STM32F4xx_HAL_Driver/Src/stm32f4xx_hal_tim_ex.o" --specs=nano.specs -mfpu=fpv4-sp-d16 -mfloat-abi=hard -mthumb -o "Drivers/STM32F4xx_HAL_Driver/Src/stm32f4xx_hal_tim_ex.o"
arm-none-eabi-gcc "../Drivers/STM32F4xx_HAL_Driver/Src/stm32f4xx_hal_uart.c" -mcpu=cortex-m4 -std=gnu11 -g3 -DUSE_HAL_DRIVER -DSTM32F411xE -DDEBUG -c -I../Core/Inc -I../Drivers/STM32F4xx_HAL_Driver/Inc -I../Drivers/STM32F4xx_HAL_Driver/Inc/Legacy -I../Drivers/CMSIS/Device/ST/STM32F4xx/Include -I../Drivers/CMSIS/Include -O0 -ffunction-sections -fdata-sections -Wall -fstack-usage -MMD -MP -MF"Drivers/STM32F4xx_HAL_Driver/Src/stm32f4xx_hal_uart.d" -MT"Drivers/STM32F4xx_HAL_Driver/Src/stm32f4xx_hal_uart.o" --specs=nano.specs -mfpu=fpv4-sp-d16 -mfloat-abi=hard -mthumb -o "Drivers/STM32F4xx_HAL_Driver/Src/stm32f4xx_hal_uart.o"
arm-none-eabi-gcc "../Core/Src/dma.c" -mcpu=cortex-m4 -std=gnu11 -g3 -DUSE_HAL_DRIVER -DSTM32F411xE -DDEBUG -c -I../Core/Inc -I../Drivers/STM32F4xx_HAL_Driver/Inc -I../Drivers/STM32F4xx_HAL_Driver/Inc/Legacy -I../Drivers/CMSIS/Device/ST/STM32F4xx/Include -I../Drivers/CMSIS/Include -O0 -ffunction-sections -fdata-sections -Wall -fstack-usage -MMD -MP -MF"Core/Src/dma.d" -MT"Core/Src/dma.o" --specs=nano.specs -mfpu=fpv4-sp-d16 -mfloat-abi=hard -mthumb -o "Core/Src/dma.o"
arm-none-eabi-gcc "../Core/Src/gpio.c" -mcpu=cortex-m4 -std=gnu11 -g3 -DUSE_HAL_DRIVER -DSTM32F411xE -DDEBUG -c -I../Core/Inc -I../Drivers/STM32F4xx_HAL_Driver/Inc -I../Drivers/STM32F4xx_HAL_Driver/Inc/Legacy -I../Drivers/CMSIS/Device/ST/STM32F4xx/Include -I../Drivers/CMSIS/Include -O0 -ffunction-sections -fdata-sections -Wall -fstack-usage -MMD -MP -MF"Core/Src/gpio.d" -MT"Core/Src/gpio.o" --specs=nano.specs -mfpu=fpv4-sp-d16 -mfloat-abi=hard -mthumb -o "Core/Src/gpio.o"
arm-none-eabi-gcc "../Core/Src/main.c" -mcpu=cortex-m4 -std=gnu11 -g3 -DUSE_HAL_DRIVER -DSTM32F411xE -DDEBUG -c -I../Core/Inc -I../Drivers/STM32F4xx_HAL_Driver/Inc -I../Drivers/STM32F4xx_HAL_Driver/Inc/Legacy -I../Drivers/CMSIS/Device/ST/STM32F4xx/Include -I../Drivers/CMSIS/Include -O0 -ffunction-sections -fdata-sections -Wall -fstack-usage -MMD -MP -MF"Core/Src/main.d" -MT"Core/Src/main.o" --specs=nano.specs -mfpu=fpv4-sp-d16 -mfloat-abi=hard -mthumb -o "Core/Src/main.o"
arm-none-eabi-gcc "../Core/Src/ring_buffer.c" -mcpu=cortex-m4 -std=gnu11 -g3 -DUSE_HAL_DRIVER -DSTM32F411xE -DDEBUG -c -I../Core/Inc -I../Drivers/STM32F4xx_HAL_Driver/Inc -I../Drivers/STM32F4xx_HAL_Driver/Inc/Legacy -I../Drivers/CMSIS/Device/ST/STM32F4xx/Include -I../Drivers/CMSIS/Include -O0 -ffunction-sections -fdata-sections -Wall -fstack-usage -MMD -MP -MF"Core/Src/ring_buffer.d" -MT"Core/Src/ring_buffer.o" --specs=nano.specs -mfpu=fpv4-sp-d16 -mfloat-abi=hard -mthumb -o "Core/Src/ring_buffer.o"
arm-none-eabi-gcc "../Core/Src/stm32f4xx_hal_msp.c" -mcpu=cortex-m4 -std=gnu11 -g3 -DUSE_HAL_DRIVER -DSTM32F411xE -DDEBUG -c -I../Core/Inc -I../Drivers/STM32F4xx_HAL_Driver/Inc -I../Drivers/STM32F4xx_HAL_Driver/Inc/Legacy -I../Drivers/CMSIS/Device/ST/STM32F4xx/Include -I../Drivers/CMSIS/Include -O0 -ffunction-sections -fdata-sections -Wall -fstack-usage -MMD -MP -MF"Core/Src/stm32f4xx_hal_msp.d" -MT"Core/Src/stm32f4xx_hal_msp.o" --specs=nano.specs -mfpu=fpv4-sp-d16 -mfloat-abi=hard -mthumb -o "Core/Src/stm32f4xx_hal_msp.o"
arm-none-eabi-gcc "../Core/Src/stm32f4xx_it.c" -mcpu=cortex-m4 -std=gnu11 -g3 -DUSE_HAL_DRIVER -DSTM32F411xE -DDEBUG -c -I../Core/Inc -I../Drivers/STM32F4xx_HAL_Driver/Inc -I../Drivers/STM32F4xx_HAL_Driver/Inc/Legacy -I../Drivers/CMSIS/Device/ST/STM32F4xx/Include -I../Drivers/CMSIS/Include -O0 -ffunction-sections -fdata-sections -Wall -fstack-usage -MMD -MP -MF"Core/Src/stm32f4xx_it.d" -MT"Core/Src/stm32f4xx_it.o" --specs=nano.specs -mfpu=fpv4-sp-d16 -mfloat-abi=hard -mthumb -o "Core/Src/stm32f4xx_it.o"
arm-none-eabi-gcc "../Core/Src/system_stm32f4xx.c" -mcpu=cortex-m4 -std=gnu11 -g3 -DUSE_HAL_DRIVER -DSTM32F411xE -DDEBUG -c -I../Core/Inc -I../Drivers/STM32F4xx_HAL_Driver/Inc -I../Drivers/STM32F4xx_HAL_Driver/Inc/Legacy -I../Drivers/CMSIS/Device/ST/STM32F4xx/Include -I../Drivers/CMSIS/Include -O0 -ffunction-sections -fdata-sections -Wall -fstack-usage -MMD -MP -MF"Core/Src/system_stm32f4xx.d" -MT"Core/Src/system_stm32f4xx.o" --specs=nano.specs -mfpu=fpv4-sp-d16 -mfloat-abi=hard -mthumb -o "Core/Src/system_stm32f4xx.o"
arm-none-eabi-gcc "../Core/Src/uartdma.c" -mcpu=cortex-m4 -std=gnu11 -g3 -DUSE_HAL_DRIVER -DSTM32F411xE -DDEBUG -c -I../Core/Inc -I../Drivers/STM32F4xx_HAL_Driver/Inc -I../Drivers/STM32F4xx_HAL_Driver/Inc/Legacy -I../Drivers/CMSIS/Device/ST/STM32F4xx/Include -I../Drivers/CMSIS/Include -O0 -ffunction-sections -fdata-sections -Wall -fstack-usage -MMD -MP -MF"Core/Src/uartdma.d" -MT"Core/Src/uartdma.o" --specs=nano.specs -mfpu=fpv4-sp-d16 -mfloat-abi=hard -mthumb -o "Core/Src/uartdma.o"
arm-none-eabi-gcc "../Core/Src/usart.c" -mcpu=cortex-m4 -std=gnu11 -g3 -DUSE_HAL_DRIVER -DSTM32F411xE -DDEBUG -c -I../Core/Inc -I../Drivers/STM32F4xx_HAL_Driver/Inc -I../Drivers/STM32F4xx_HAL_Driver/Inc/Legacy -I../Drivers/CMSIS/Device/ST/STM32F4xx/Include -I../Drivers/CMSIS/Include -O0 -ffunction-sections -fdata-sections -Wall -fstack-usage -MMD -MP -MF"Core/Src/usart.d" -MT"Core/Src/usart.o" --specs=nano.specs -mfpu=fpv4-sp-d16 -mfloat-abi=hard -mthumb -o "Core/Src/usart.o"
arm-none-eabi-gcc -o "13_msm_nuc_UART_DMA_RX_TX_Pars.elf" @"objects.list"   -mcpu=cortex-m4 -T"D:\STM32\workspace\13_msm_nuc_UART_DMA_RX_TX_Pars\STM32F411RETX_FLASH.ld" --specs=nosys.specs -Wl,-Map="13_msm_nuc_UART_DMA_RX_TX_Pars.map" -Wl,--gc-sections -static --specs=nano.specs -mfpu=fpv4-sp-d16 -mfloat-abi=hard -mthumb -Wl,--start-group -lc -lm -Wl,--end-group
Finished building target: 13_msm_nuc_UART_DMA_RX_TX_Pars.elf
 
arm-none-eabi-size   13_msm_nuc_UART_DMA_RX_TX_Pars.elf 
arm-none-eabi-objdump -h -S  13_msm_nuc_UART_DMA_RX_TX_Pars.elf  > "13_msm_nuc_UART_DMA_RX_TX_Pars.list"
arm-none-eabi-objcopy  -O binary  13_msm_nuc_UART_DMA_RX_TX_Pars.elf  "13_msm_nuc_UART_DMA_RX_TX_Pars.bin"
   text	   data	    bss	    dec	    hex	filename
  13500	     20	   2092	  15612	   3cfc	13_msm_nuc_UART_DMA_RX_TX_Pars.elf
Finished building: default.size.stdout
 
Finished building: 13_msm_nuc_UART_DMA_RX_TX_Pars.bin
 
Finished building: 13_msm_nuc_UART_DMA_RX_TX_Pars.list
 
10:04:24 **** Incremental Build of configuration Debug for project 13_msm_nuc_UART_DMA_RX_TX_Pars ****
make -j4 all 
arm-none-eabi-gcc "../Core/Src/main.c" -mcpu=cortex-m4 -std=gnu11 -g3 -DUSE_HAL_DRIVER -DSTM32F411xE -DDEBUG -c -I../Core/Inc -I../Drivers/STM32F4xx_HAL_Driver/Inc -I../Drivers/STM32F4xx_HAL_Driver/Inc/Legacy -I../Drivers/CMSIS/Device/ST/STM32F4xx/Include -I../Drivers/CMSIS/Include -O0 -ffunction-sections -fdata-sections -Wall -fstack-usage -MMD -MP -MF"Core/Src/main.d" -MT"Core/Src/main.o" --specs=nano.specs -mfpu=fpv4-sp-d16 -mfloat-abi=hard -mthumb -o "Core/Src/main.o"
arm-none-eabi-gcc "../Core/Src/stm32f4xx_it.c" -mcpu=cortex-m4 -std=gnu11 -g3 -DUSE_HAL_DRIVER -DSTM32F411xE -DDEBUG -c -I../Core/Inc -I../Drivers/STM32F4xx_HAL_Driver/Inc -I../Drivers/STM32F4xx_HAL_Driver/Inc/Legacy -I../Drivers/CMSIS/Device/ST/STM32F4xx/Include -I../Drivers/CMSIS/Include -O0 -ffunction-sections -fdata-sections -Wall -fstack-usage -MMD -MP -MF"Core/Src/stm32f4xx_it.d" -MT"Core/Src/stm32f4xx_it.o" --specs=nano.specs -mfpu=fpv4-sp-d16 -mfloat-abi=hard -mthumb -o "Core/Src/stm32f4xx_it.o"
arm-none-eabi-gcc "../Core/Src/uartdma.c" -mcpu=cortex-m4 -std=gnu11 -g3 -DUSE_HAL_DRIVER -DSTM32F411xE -DDEBUG -c -I../Core/Inc -I../Drivers/STM32F4xx_HAL_Driver/Inc -I../Drivers/STM32F4xx_HAL_Driver/Inc/Legacy -I../Drivers/CMSIS/Device/ST/STM32F4xx/Include -I../Drivers/CMSIS/Include -O0 -ffunction-sections -fdata-sections -Wall -fstack-usage -MMD -MP -MF"Core/Src/uartdma.d" -MT"Core/Src/uartdma.o" --specs=nano.specs -mfpu=fpv4-sp-d16 -mfloat-abi=hard -mthumb -o "Core/Src/uartdma.o"
../Core/Src/uartdma.c: In function 'UARTDMA_GetLineFromReceiveBuffer':
../Core/Src/uartdma.c:97:43: warning: passing argument 2 of 'RB_Read' makes pointer from integer without a cast [-Wint-conversion]
  while(RB_Read(&huartdma->UART_RX_Buffer, *OurBufferPtr)) // Write all bytes into Ring Buffer
                                           ^
In file included from ../Core/Inc/uartdma.h:11:0,
                 from ../Core/Src/uartdma.c:9:
../Core/Inc/ring_buffer.h:32:11: note: expected 'uint8_t * {aka unsigned char *}' but argument is of type 'char'
 RB_Status RB_Read(RingBuffer *rb, uint8_t *Value); // Reading function
           ^~~~~~~
../Core/Src/uartdma.c:105:1: warning: control reaches end of non-void function [-Wreturn-type]
 }
 ^
arm-none-eabi-gcc -o "13_msm_nuc_UART_DMA_RX_TX_Pars.elf" @"objects.list"   -mcpu=cortex-m4 -T"D:\STM32\workspace\13_msm_nuc_UART_DMA_RX_TX_Pars\STM32F411RETX_FLASH.ld" --specs=nosys.specs -Wl,-Map="13_msm_nuc_UART_DMA_RX_TX_Pars.map" -Wl,--gc-sections -static --specs=nano.specs -mfpu=fpv4-sp-d16 -mfloat-abi=hard -mthumb -Wl,--start-group -lc -lm -Wl,--end-group
Finished building target: 13_msm_nuc_UART_DMA_RX_TX_Pars.elf
 
arm-none-eabi-objdump -h -S  13_msm_nuc_UART_DMA_RX_TX_Pars.elf  > "13_msm_nuc_UART_DMA_RX_TX_Pars.list"
arm-none-eabi-objcopy  -O binary  13_msm_nuc_UART_DMA_RX_TX_Pars.elf  "13_msm_nuc_UART_DMA_RX_TX_Pars.bin"
arm-none-eabi-size   13_msm_nuc_UART_DMA_RX_TX_Pars.elf 
   text	   data	    bss	    dec	    hex	filename
  13332	     20	   2092	  15444	   3c54	13_msm_nuc_UART_DMA_RX_TX_Pars.elf
Finished building: default.size.stdout
 
Finished building: 13_msm_nuc_UART_DMA_RX_TX_Pars.bin
 
Finished building: 13_msm_nuc_UART_DMA_RX_TX_Pars.list
 
10:05:02 **** Incremental Build of configuration Debug for project 13_msm_nuc_UART_DMA_RX_TX_Pars ****
make -j4 all 
arm-none-eabi-gcc "../Core/Src/uartdma.c" -mcpu=cortex-m4 -std=gnu11 -g3 -DUSE_HAL_DRIVER -DSTM32F411xE -DDEBUG -c -I../Core/Inc -I../Drivers/STM32F4xx_HAL_Driver/Inc -I../Drivers/STM32F4xx_HAL_Driver/Inc/Legacy -I../Drivers/CMSIS/Device/ST/STM32F4xx/Include -I../Drivers/CMSIS/Include -O0 -ffunction-sections -fdata-sections -Wall -fstack-usage -MMD -MP -MF"Core/Src/uartdma.d" -MT"Core/Src/uartdma.o" --specs=nano.specs -mfpu=fpv4-sp-d16 -mfloat-abi=hard -mthumb -o "Core/Src/uartdma.o"
../Core/Src/uartdma.c: In function 'UARTDMA_GetLineFromReceiveBuffer':
../Core/Src/uartdma.c:97:43: warning: cast to pointer from integer of different size [-Wint-to-pointer-cast]
  while(RB_Read(&huartdma->UART_RX_Buffer, (uint8_t*)*OurBufferPtr)) // Write all bytes into Ring Buffer
                                           ^
../Core/Src/uartdma.c:105:1: warning: control reaches end of non-void function [-Wreturn-type]
 }
 ^
arm-none-eabi-gcc -o "13_msm_nuc_UART_DMA_RX_TX_Pars.elf" @"objects.list"   -mcpu=cortex-m4 -T"D:\STM32\workspace\13_msm_nuc_UART_DMA_RX_TX_Pars\STM32F411RETX_FLASH.ld" --specs=nosys.specs -Wl,-Map="13_msm_nuc_UART_DMA_RX_TX_Pars.map" -Wl,--gc-sections -static --specs=nano.specs -mfpu=fpv4-sp-d16 -mfloat-abi=hard -mthumb -Wl,--start-group -lc -lm -Wl,--end-group
Finished building target: 13_msm_nuc_UART_DMA_RX_TX_Pars.elf
 
arm-none-eabi-objdump -h -S  13_msm_nuc_UART_DMA_RX_TX_Pars.elf  > "13_msm_nuc_UART_DMA_RX_TX_Pars.list"
arm-none-eabi-objcopy  -O binary  13_msm_nuc_UART_DMA_RX_TX_Pars.elf  "13_msm_nuc_UART_DMA_RX_TX_Pars.bin"
arm-none-eabi-size   13_msm_nuc_UART_DMA_RX_TX_Pars.elf 
   text	   data	    bss	    dec	    hex	filename
  13332	     20	   2092	  15444	   3c54	13_msm_nuc_UART_DMA_RX_TX_Pars.elf
Finished building: default.size.stdout
 
Finished building: 13_msm_nuc_UART_DMA_RX_TX_Pars.bin
 
Finished building: 13_msm_nuc_UART_DMA_RX_TX_Pars.list
 
10:05:44 **** Incremental Build of configuration Debug for project 13_msm_nuc_UART_DMA_RX_TX_Pars ****
make -j4 all 
arm-none-eabi-gcc "../Core/Src/uartdma.c" -mcpu=cortex-m4 -std=gnu11 -g3 -DUSE_HAL_DRIVER -DSTM32F411xE -DDEBUG -c -I../Core/Inc -I../Drivers/STM32F4xx_HAL_Driver/Inc -I../Drivers/STM32F4xx_HAL_Driver/Inc/Legacy -I../Drivers/CMSIS/Device/ST/STM32F4xx/Include -I../Drivers/CMSIS/Include -O0 -ffunction-sections -fdata-sections -Wall -fstack-usage -MMD -MP -MF"Core/Src/uartdma.d" -MT"Core/Src/uartdma.o" --specs=nano.specs -mfpu=fpv4-sp-d16 -mfloat-abi=hard -mthumb -o "Core/Src/uartdma.o"
../Core/Src/uartdma.c: In function 'UARTDMA_GetLineFromReceiveBuffer':
../Core/Src/uartdma.c:105:1: warning: control reaches end of non-void function [-Wreturn-type]
 }
 ^
arm-none-eabi-gcc -o "13_msm_nuc_UART_DMA_RX_TX_Pars.elf" @"objects.list"   -mcpu=cortex-m4 -T"D:\STM32\workspace\13_msm_nuc_UART_DMA_RX_TX_Pars\STM32F411RETX_FLASH.ld" --specs=nosys.specs -Wl,-Map="13_msm_nuc_UART_DMA_RX_TX_Pars.map" -Wl,--gc-sections -static --specs=nano.specs -mfpu=fpv4-sp-d16 -mfloat-abi=hard -mthumb -Wl,--start-group -lc -lm -Wl,--end-group
Finished building target: 13_msm_nuc_UART_DMA_RX_TX_Pars.elf
 
arm-none-eabi-objdump -h -S  13_msm_nuc_UART_DMA_RX_TX_Pars.elf  > "13_msm_nuc_UART_DMA_RX_TX_Pars.list"
arm-none-eabi-objcopy  -O binary  13_msm_nuc_UART_DMA_RX_TX_Pars.elf  "13_msm_nuc_UART_DMA_RX_TX_Pars.bin"
arm-none-eabi-size   13_msm_nuc_UART_DMA_RX_TX_Pars.elf 
   text	   data	    bss	    dec	    hex	filename
  13332	     20	   2092	  15444	   3c54	13_msm_nuc_UART_DMA_RX_TX_Pars.elf
Finished building: default.size.stdout
 
Finished building: 13_msm_nuc_UART_DMA_RX_TX_Pars.bin
 
Finished building: 13_msm_nuc_UART_DMA_RX_TX_Pars.list
 
10:07:00 **** Incremental Build of configuration Debug for project 13_msm_nuc_UART_DMA_RX_TX_Pars ****
make -j4 all 
arm-none-eabi-gcc "../Core/Src/uartdma.c" -mcpu=cortex-m4 -std=gnu11 -g3 -DUSE_HAL_DRIVER -DSTM32F411xE -DDEBUG -c -I../Core/Inc -I../Drivers/STM32F4xx_HAL_Driver/Inc -I../Drivers/STM32F4xx_HAL_Driver/Inc/Legacy -I../Drivers/CMSIS/Device/ST/STM32F4xx/Include -I../Drivers/CMSIS/Include -O0 -ffunction-sections -fdata-sections -Wall -fstack-usage -MMD -MP -MF"Core/Src/uartdma.d" -MT"Core/Src/uartdma.o" --specs=nano.specs -mfpu=fpv4-sp-d16 -mfloat-abi=hard -mthumb -o "Core/Src/uartdma.o"
arm-none-eabi-gcc -o "13_msm_nuc_UART_DMA_RX_TX_Pars.elf" @"objects.list"   -mcpu=cortex-m4 -T"D:\STM32\workspace\13_msm_nuc_UART_DMA_RX_TX_Pars\STM32F411RETX_FLASH.ld" --specs=nosys.specs -Wl,-Map="13_msm_nuc_UART_DMA_RX_TX_Pars.map" -Wl,--gc-sections -static --specs=nano.specs -mfpu=fpv4-sp-d16 -mfloat-abi=hard -mthumb -Wl,--start-group -lc -lm -Wl,--end-group
Finished building target: 13_msm_nuc_UART_DMA_RX_TX_Pars.elf
 
arm-none-eabi-objdump -h -S  13_msm_nuc_UART_DMA_RX_TX_Pars.elf  > "13_msm_nuc_UART_DMA_RX_TX_Pars.list"
arm-none-eabi-objcopy  -O binary  13_msm_nuc_UART_DMA_RX_TX_Pars.elf  "13_msm_nuc_UART_DMA_RX_TX_Pars.bin"
arm-none-eabi-size   13_msm_nuc_UART_DMA_RX_TX_Pars.elf 
   text	   data	    bss	    dec	    hex	filename
  13332	     20	   2092	  15444	   3c54	13_msm_nuc_UART_DMA_RX_TX_Pars.elf
Finished building: default.size.stdout
 
Finished building: 13_msm_nuc_UART_DMA_RX_TX_Pars.bin
 
Finished building: 13_msm_nuc_UART_DMA_RX_TX_Pars.list
 
10:09:49 **** Incremental Build of configuration Debug for project 13_msm_nuc_UART_DMA_RX_TX_Pars ****
make -j4 all 
arm-none-eabi-gcc "../Core/Src/main.c" -mcpu=cortex-m4 -std=gnu11 -g3 -DUSE_HAL_DRIVER -DSTM32F411xE -DDEBUG -c -I../Core/Inc -I../Drivers/STM32F4xx_HAL_Driver/Inc -I../Drivers/STM32F4xx_HAL_Driver/Inc/Legacy -I../Drivers/CMSIS/Device/ST/STM32F4xx/Include -I../Drivers/CMSIS/Include -O0 -ffunction-sections -fdata-sections -Wall -fstack-usage -MMD -MP -MF"Core/Src/main.d" -MT"Core/Src/main.o" --specs=nano.specs -mfpu=fpv4-sp-d16 -mfloat-abi=hard -mthumb -o "Core/Src/main.o"
../Core/Src/main.c: In function 'main':
../Core/Src/main.c:106:50: warning: pointer targets in passing argument 2 of 'UARTDMA_GetLineFromReceiveBuffer' differ in signedness [-Wpointer-sign]
     UARTDMA_GetLineFromReceiveBuffer(&huartdma2, BufferReceive);
                                                  ^~~~~~~~~~~~~
In file included from ../Core/Src/main.c:28:0:
../Core/Inc/uartdma.h:48:9: note: expected 'char *' but argument is of type 'uint8_t * {aka unsigned char *}'
 uint8_t UARTDMA_GetLineFromReceiveBuffer(UARTDMA_HandleTypeDef *huartdma, char *OutPuffer);
         ^~~~~~~~~~~~~~~~~~~~~~~~~~~~~~~~
arm-none-eabi-gcc -o "13_msm_nuc_UART_DMA_RX_TX_Pars.elf" @"objects.list"   -mcpu=cortex-m4 -T"D:\STM32\workspace\13_msm_nuc_UART_DMA_RX_TX_Pars\STM32F411RETX_FLASH.ld" --specs=nosys.specs -Wl,-Map="13_msm_nuc_UART_DMA_RX_TX_Pars.map" -Wl,--gc-sections -static --specs=nano.specs -mfpu=fpv4-sp-d16 -mfloat-abi=hard -mthumb -Wl,--start-group -lc -lm -Wl,--end-group
Finished building target: 13_msm_nuc_UART_DMA_RX_TX_Pars.elf
 
arm-none-eabi-objdump -h -S  13_msm_nuc_UART_DMA_RX_TX_Pars.elf  > "13_msm_nuc_UART_DMA_RX_TX_Pars.list"
arm-none-eabi-objcopy  -O binary  13_msm_nuc_UART_DMA_RX_TX_Pars.elf  "13_msm_nuc_UART_DMA_RX_TX_Pars.bin"
arm-none-eabi-size   13_msm_nuc_UART_DMA_RX_TX_Pars.elf 
   text	   data	    bss	    dec	    hex	filename
  13436	     20	   2156	  15612	   3cfc	13_msm_nuc_UART_DMA_RX_TX_Pars.elf
Finished building: default.size.stdout
 
Finished building: 13_msm_nuc_UART_DMA_RX_TX_Pars.bin
 
Finished building: 13_msm_nuc_UART_DMA_RX_TX_Pars.list
 
10:10:07 **** Incremental Build of configuration Debug for project 13_msm_nuc_UART_DMA_RX_TX_Pars ****
make -j4 all 
arm-none-eabi-gcc "../Core/Src/main.c" -mcpu=cortex-m4 -std=gnu11 -g3 -DUSE_HAL_DRIVER -DSTM32F411xE -DDEBUG -c -I../Core/Inc -I../Drivers/STM32F4xx_HAL_Driver/Inc -I../Drivers/STM32F4xx_HAL_Driver/Inc/Legacy -I../Drivers/CMSIS/Device/ST/STM32F4xx/Include -I../Drivers/CMSIS/Include -O0 -ffunction-sections -fdata-sections -Wall -fstack-usage -MMD -MP -MF"Core/Src/main.d" -MT"Core/Src/main.o" --specs=nano.specs -mfpu=fpv4-sp-d16 -mfloat-abi=hard -mthumb -o "Core/Src/main.o"
arm-none-eabi-gcc -o "13_msm_nuc_UART_DMA_RX_TX_Pars.elf" @"objects.list"   -mcpu=cortex-m4 -T"D:\STM32\workspace\13_msm_nuc_UART_DMA_RX_TX_Pars\STM32F411RETX_FLASH.ld" --specs=nosys.specs -Wl,-Map="13_msm_nuc_UART_DMA_RX_TX_Pars.map" -Wl,--gc-sections -static --specs=nano.specs -mfpu=fpv4-sp-d16 -mfloat-abi=hard -mthumb -Wl,--start-group -lc -lm -Wl,--end-group
Finished building target: 13_msm_nuc_UART_DMA_RX_TX_Pars.elf
 
arm-none-eabi-objdump -h -S  13_msm_nuc_UART_DMA_RX_TX_Pars.elf  > "13_msm_nuc_UART_DMA_RX_TX_Pars.list"
arm-none-eabi-objcopy  -O binary  13_msm_nuc_UART_DMA_RX_TX_Pars.elf  "13_msm_nuc_UART_DMA_RX_TX_Pars.bin"
arm-none-eabi-size   13_msm_nuc_UART_DMA_RX_TX_Pars.elf 
   text	   data	    bss	    dec	    hex	filename
  13436	     20	   2156	  15612	   3cfc	13_msm_nuc_UART_DMA_RX_TX_Pars.elf
Finished building: default.size.stdout
 
Finished building: 13_msm_nuc_UART_DMA_RX_TX_Pars.bin
 
Finished building: 13_msm_nuc_UART_DMA_RX_TX_Pars.list
 
10:16:38 **** Incremental Build of configuration Debug for project 13_msm_nuc_UART_DMA_RX_TX_Pars ****
make -j4 all 
arm-none-eabi-gcc "../Core/Src/uartdma.c" -mcpu=cortex-m4 -std=gnu11 -g3 -DUSE_HAL_DRIVER -DSTM32F411xE -DDEBUG -c -I../Core/Inc -I../Drivers/STM32F4xx_HAL_Driver/Inc -I../Drivers/STM32F4xx_HAL_Driver/Inc/Legacy -I../Drivers/CMSIS/Device/ST/STM32F4xx/Include -I../Drivers/CMSIS/Include -O0 -ffunction-sections -fdata-sections -Wall -fstack-usage -MMD -MP -MF"Core/Src/uartdma.d" -MT"Core/Src/uartdma.o" --specs=nano.specs -mfpu=fpv4-sp-d16 -mfloat-abi=hard -mthumb -o "Core/Src/uartdma.o"
arm-none-eabi-gcc -o "13_msm_nuc_UART_DMA_RX_TX_Pars.elf" @"objects.list"   -mcpu=cortex-m4 -T"D:\STM32\workspace\13_msm_nuc_UART_DMA_RX_TX_Pars\STM32F411RETX_FLASH.ld" --specs=nosys.specs -Wl,-Map="13_msm_nuc_UART_DMA_RX_TX_Pars.map" -Wl,--gc-sections -static --specs=nano.specs -mfpu=fpv4-sp-d16 -mfloat-abi=hard -mthumb -Wl,--start-group -lc -lm -Wl,--end-group
Finished building target: 13_msm_nuc_UART_DMA_RX_TX_Pars.elf
 
arm-none-eabi-objdump -h -S  13_msm_nuc_UART_DMA_RX_TX_Pars.elf  > "13_msm_nuc_UART_DMA_RX_TX_Pars.list"
arm-none-eabi-objcopy  -O binary  13_msm_nuc_UART_DMA_RX_TX_Pars.elf  "13_msm_nuc_UART_DMA_RX_TX_Pars.bin"
arm-none-eabi-size   13_msm_nuc_UART_DMA_RX_TX_Pars.elf 
   text	   data	    bss	    dec	    hex	filename
  13436	     20	   2156	  15612	   3cfc	13_msm_nuc_UART_DMA_RX_TX_Pars.elf
Finished building: default.size.stdout
 
Finished building: 13_msm_nuc_UART_DMA_RX_TX_Pars.bin
 
Finished building: 13_msm_nuc_UART_DMA_RX_TX_Pars.list
 
10:16:57 **** Incremental Build of configuration Debug for project 13_msm_nuc_UART_DMA_RX_TX_Pars ****
make -j4 all 
arm-none-eabi-size   13_msm_nuc_UART_DMA_RX_TX_Pars.elf 
   text	   data	    bss	    dec	    hex	filename
  13436	     20	   2156	  15612	   3cfc	13_msm_nuc_UART_DMA_RX_TX_Pars.elf
Finished building: default.size.stdout
 
18:21:42 **** Incremental Build of configuration Debug for project 13_msm_nuc_UART_DMA_RX_TX_Pars ****
make -j4 all 
arm-none-eabi-size   13_msm_nuc_UART_DMA_RX_TX_Pars.elf 
   text	   data	    bss	    dec	    hex	filename
  13436	     20	   2156	  15612	   3cfc	13_msm_nuc_UART_DMA_RX_TX_Pars.elf
Finished building: default.size.stdout
 
18:21:50 **** Incremental Build of configuration Debug for project 13_msm_nuc_UART_DMA_RX_TX_Pars ****
make -j4 all 
arm-none-eabi-size   13_msm_nuc_UART_DMA_RX_TX_Pars.elf 
   text	   data	    bss	    dec	    hex	filename
  13436	     20	   2156	  15612	   3cfc	13_msm_nuc_UART_DMA_RX_TX_Pars.elf
Finished building: default.size.stdout
 
18:28:33 **** Incremental Build of configuration Debug for project 13_msm_nuc_UART_DMA_RX_TX_Pars ****
make -j4 all 
arm-none-eabi-size   13_msm_nuc_UART_DMA_RX_TX_Pars.elf 
   text	   data	    bss	    dec	    hex	filename
  13436	     20	   2156	  15612	   3cfc	13_msm_nuc_UART_DMA_RX_TX_Pars.elf
Finished building: default.size.stdout
 
18:31:53 **** Incremental Build of configuration Debug for project 13_msm_nuc_UART_DMA_RX_TX_Pars ****
make -j4 all 
arm-none-eabi-gcc "../Core/Src/uartdma.c" -mcpu=cortex-m4 -std=gnu11 -g3 -DUSE_HAL_DRIVER -DSTM32F411xE -DDEBUG -c -I../Core/Inc -I../Drivers/STM32F4xx_HAL_Driver/Inc -I../Drivers/STM32F4xx_HAL_Driver/Inc/Legacy -I../Drivers/CMSIS/Device/ST/STM32F4xx/Include -I../Drivers/CMSIS/Include -O0 -ffunction-sections -fdata-sections -Wall -fstack-usage -MMD -MP -MF"Core/Src/uartdma.d" -MT"Core/Src/uartdma.o" --specs=nano.specs -mfpu=fpv4-sp-d16 -mfloat-abi=hard -mthumb -o "Core/Src/uartdma.o"
arm-none-eabi-gcc -o "13_msm_nuc_UART_DMA_RX_TX_Pars.elf" @"objects.list"   -mcpu=cortex-m4 -T"D:\STM32\workspace\13_msm_nuc_UART_DMA_RX_TX_Pars\STM32F411RETX_FLASH.ld" --specs=nosys.specs -Wl,-Map="13_msm_nuc_UART_DMA_RX_TX_Pars.map" -Wl,--gc-sections -static --specs=nano.specs -mfpu=fpv4-sp-d16 -mfloat-abi=hard -mthumb -Wl,--start-group -lc -lm -Wl,--end-group
Finished building target: 13_msm_nuc_UART_DMA_RX_TX_Pars.elf
 
arm-none-eabi-objdump -h -S  13_msm_nuc_UART_DMA_RX_TX_Pars.elf  > "13_msm_nuc_UART_DMA_RX_TX_Pars.list"
arm-none-eabi-objcopy  -O binary  13_msm_nuc_UART_DMA_RX_TX_Pars.elf  "13_msm_nuc_UART_DMA_RX_TX_Pars.bin"
arm-none-eabi-size   13_msm_nuc_UART_DMA_RX_TX_Pars.elf 
   text	   data	    bss	    dec	    hex	filename
  13448	     20	   2156	  15624	   3d08	13_msm_nuc_UART_DMA_RX_TX_Pars.elf
Finished building: default.size.stdout
 
Finished building: 13_msm_nuc_UART_DMA_RX_TX_Pars.bin
 
Finished building: 13_msm_nuc_UART_DMA_RX_TX_Pars.list
 
18:31:57 **** Incremental Build of configuration Debug for project 13_msm_nuc_UART_DMA_RX_TX_Pars ****
make -j4 all 
arm-none-eabi-size   13_msm_nuc_UART_DMA_RX_TX_Pars.elf 
   text	   data	    bss	    dec	    hex	filename
  13448	     20	   2156	  15624	   3d08	13_msm_nuc_UART_DMA_RX_TX_Pars.elf
Finished building: default.size.stdout
 
18:47:21 **** Incremental Build of configuration Debug for project 13_msm_nuc_UART_DMA_RX_TX_Pars ****
make -j4 all 
arm-none-eabi-gcc "../Core/Src/main.c" -mcpu=cortex-m4 -std=gnu11 -g3 -DUSE_HAL_DRIVER -DSTM32F411xE -DDEBUG -c -I../Core/Inc -I../Drivers/STM32F4xx_HAL_Driver/Inc -I../Drivers/STM32F4xx_HAL_Driver/Inc/Legacy -I../Drivers/CMSIS/Device/ST/STM32F4xx/Include -I../Drivers/CMSIS/Include -O0 -ffunction-sections -fdata-sections -Wall -fstack-usage -MMD -MP -MF"Core/Src/main.d" -MT"Core/Src/main.o" --specs=nano.specs -mfpu=fpv4-sp-d16 -mfloat-abi=hard -mthumb -o "Core/Src/main.o"
arm-none-eabi-gcc "../Core/Src/uartdma.c" -mcpu=cortex-m4 -std=gnu11 -g3 -DUSE_HAL_DRIVER -DSTM32F411xE -DDEBUG -c -I../Core/Inc -I../Drivers/STM32F4xx_HAL_Driver/Inc -I../Drivers/STM32F4xx_HAL_Driver/Inc/Legacy -I../Drivers/CMSIS/Device/ST/STM32F4xx/Include -I../Drivers/CMSIS/Include -O0 -ffunction-sections -fdata-sections -Wall -fstack-usage -MMD -MP -MF"Core/Src/uartdma.d" -MT"Core/Src/uartdma.o" --specs=nano.specs -mfpu=fpv4-sp-d16 -mfloat-abi=hard -mthumb -o "Core/Src/uartdma.o"
arm-none-eabi-gcc -o "13_msm_nuc_UART_DMA_RX_TX_Pars.elf" @"objects.list"   -mcpu=cortex-m4 -T"D:\STM32\workspace\13_msm_nuc_UART_DMA_RX_TX_Pars\STM32F411RETX_FLASH.ld" --specs=nosys.specs -Wl,-Map="13_msm_nuc_UART_DMA_RX_TX_Pars.map" -Wl,--gc-sections -static --specs=nano.specs -mfpu=fpv4-sp-d16 -mfloat-abi=hard -mthumb -Wl,--start-group -lc -lm -Wl,--end-group
Finished building target: 13_msm_nuc_UART_DMA_RX_TX_Pars.elf
 
arm-none-eabi-objdump -h -S  13_msm_nuc_UART_DMA_RX_TX_Pars.elf  > "13_msm_nuc_UART_DMA_RX_TX_Pars.list"
arm-none-eabi-objcopy  -O binary  13_msm_nuc_UART_DMA_RX_TX_Pars.elf  "13_msm_nuc_UART_DMA_RX_TX_Pars.bin"
arm-none-eabi-size   13_msm_nuc_UART_DMA_RX_TX_Pars.elf 
   text	   data	    bss	    dec	    hex	filename
  13544	     20	   2156	  15720	   3d68	13_msm_nuc_UART_DMA_RX_TX_Pars.elf
Finished building: default.size.stdout
 
Finished building: 13_msm_nuc_UART_DMA_RX_TX_Pars.bin
 
Finished building: 13_msm_nuc_UART_DMA_RX_TX_Pars.list
 
18:48:46 **** Incremental Build of configuration Debug for project 13_msm_nuc_UART_DMA_RX_TX_Pars ****
make -j4 all 
arm-none-eabi-size   13_msm_nuc_UART_DMA_RX_TX_Pars.elf 
   text	   data	    bss	    dec	    hex	filename
  13544	     20	   2156	  15720	   3d68	13_msm_nuc_UART_DMA_RX_TX_Pars.elf
Finished building: default.size.stdout
 
18:50:41 **** Incremental Build of configuration Debug for project 13_msm_nuc_UART_DMA_RX_TX_Pars ****
make -j4 all 
arm-none-eabi-size   13_msm_nuc_UART_DMA_RX_TX_Pars.elf 
   text	   data	    bss	    dec	    hex	filename
  13544	     20	   2156	  15720	   3d68	13_msm_nuc_UART_DMA_RX_TX_Pars.elf
Finished building: default.size.stdout
 
18:53:25 **** Incremental Build of configuration Debug for project 13_msm_nuc_UART_DMA_RX_TX_Pars ****
make -j4 all 
arm-none-eabi-gcc "../Core/Src/main.c" -mcpu=cortex-m4 -std=gnu11 -g3 -DUSE_HAL_DRIVER -DSTM32F411xE -DDEBUG -c -I../Core/Inc -I../Drivers/STM32F4xx_HAL_Driver/Inc -I../Drivers/STM32F4xx_HAL_Driver/Inc/Legacy -I../Drivers/CMSIS/Device/ST/STM32F4xx/Include -I../Drivers/CMSIS/Include -O0 -ffunction-sections -fdata-sections -Wall -fstack-usage -MMD -MP -MF"Core/Src/main.d" -MT"Core/Src/main.o" --specs=nano.specs -mfpu=fpv4-sp-d16 -mfloat-abi=hard -mthumb -o "Core/Src/main.o"
arm-none-eabi-gcc -o "13_msm_nuc_UART_DMA_RX_TX_Pars.elf" @"objects.list"   -mcpu=cortex-m4 -T"D:\STM32\workspace\13_msm_nuc_UART_DMA_RX_TX_Pars\STM32F411RETX_FLASH.ld" --specs=nosys.specs -Wl,-Map="13_msm_nuc_UART_DMA_RX_TX_Pars.map" -Wl,--gc-sections -static --specs=nano.specs -mfpu=fpv4-sp-d16 -mfloat-abi=hard -mthumb -Wl,--start-group -lc -lm -Wl,--end-group
Finished building target: 13_msm_nuc_UART_DMA_RX_TX_Pars.elf
 
arm-none-eabi-objdump -h -S  13_msm_nuc_UART_DMA_RX_TX_Pars.elf  > "13_msm_nuc_UART_DMA_RX_TX_Pars.list"
arm-none-eabi-objcopy  -O binary  13_msm_nuc_UART_DMA_RX_TX_Pars.elf  "13_msm_nuc_UART_DMA_RX_TX_Pars.bin"
arm-none-eabi-size   13_msm_nuc_UART_DMA_RX_TX_Pars.elf 
   text	   data	    bss	    dec	    hex	filename
  13712	     20	   2156	  15888	   3e10	13_msm_nuc_UART_DMA_RX_TX_Pars.elf
Finished building: default.size.stdout
 
Finished building: 13_msm_nuc_UART_DMA_RX_TX_Pars.bin
 
Finished building: 13_msm_nuc_UART_DMA_RX_TX_Pars.list
 
18:53:30 **** Incremental Build of configuration Debug for project 13_msm_nuc_UART_DMA_RX_TX_Pars ****
make -j4 all 
arm-none-eabi-size   13_msm_nuc_UART_DMA_RX_TX_Pars.elf 
   text	   data	    bss	    dec	    hex	filename
  13712	     20	   2156	  15888	   3e10	13_msm_nuc_UART_DMA_RX_TX_Pars.elf
Finished building: default.size.stdout
 
